<?xml version="1.0" encoding="UTF-8"?>
<testsuite name="ejercicios.modelado.list.LinkedListTest" tests="4" skipped="0" failures="0" errors="0" timestamp="2021-10-23T00:58:56" hostname="AR0FVFYR074HV2J" time="0.032">
  <properties/>
  <testcase name="testAdd()" classname="ejercicios.modelado.list.LinkedListTest" time="0.026"/>
  <testcase name="testRemoveMissing()" classname="ejercicios.modelado.list.LinkedListTest" time="0.002"/>
  <testcase name="testRemove()" classname="ejercicios.modelado.list.LinkedListTest" time="0.001"/>
  <testcase name="testConstructor()" classname="ejercicios.modelado.list.LinkedListTest" time="0.001"/>
  <system-out><![CDATA[]]></system-out>
  <system-err><![CDATA[]]></system-err>
</testsuite>
